[INFO] Scanning for projects...
[INFO] Inspecting build with total of 1 modules...
[INFO] Installing Nexus Staging features:
[INFO]   ... total of 1 executions of maven-deploy-plugin replaced with nexus-staging-maven-plugin
[INFO]                                                                         
[INFO] ------------------------------------------------------------------------
[INFO] Building wiidget 0.1.0
[INFO] ------------------------------------------------------------------------
[INFO] 
[INFO] --- maven-clean-plugin:2.5:clean (default-clean) @ wiidget ---
[INFO] Deleting C:\Users\Zsolti\Documents\GitHub\landasource\wiidget-core\target
[INFO] 
[INFO] --- maven-resources-plugin:2.6:resources (default-resources) @ wiidget ---
[WARNING] Using platform encoding (Cp1250 actually) to copy filtered resources, i.e. build is platform dependent!
[INFO] skip non existing resourceDirectory C:\Users\Zsolti\Documents\GitHub\landasource\wiidget-core\src\main\resources
[INFO] 
[INFO] --- maven-compiler-plugin:2.3.2:compile (default-compile) @ wiidget ---
[WARNING] File encoding has not been set, using platform encoding Cp1250, i.e. build is platform dependent!
[INFO] Compiling 85 source files to C:\Users\Zsolti\Documents\GitHub\landasource\wiidget-core\target\classes
[INFO] 
[INFO] --- maven-resources-plugin:2.6:testResources (default-testResources) @ wiidget ---
[WARNING] Using platform encoding (Cp1250 actually) to copy filtered resources, i.e. build is platform dependent!
[INFO] Copying 3 resources
[INFO] 
[INFO] --- maven-compiler-plugin:2.3.2:testCompile (default-testCompile) @ wiidget ---
[WARNING] File encoding has not been set, using platform encoding Cp1250, i.e. build is platform dependent!
[INFO] Compiling 6 source files to C:\Users\Zsolti\Documents\GitHub\landasource\wiidget-core\target\test-classes
[INFO] 
[INFO] --- maven-surefire-plugin:2.12.4:test (default-test) @ wiidget ---
[INFO] Surefire report directory: C:\Users\Zsolti\Documents\GitHub\landasource\wiidget-core\target\surefire-reports

-------------------------------------------------------
 T E S T S
-------------------------------------------------------
Running com.landasource.wiidget.context.WiidgetContextTest
Tests run: 4, Failures: 0, Errors: 0, Skipped: 0, Time elapsed: 0.036 sec
Running com.landasource.wiidget.engine.externals.WebWiidgetLoaderTest
Tests run: 1, Failures: 0, Errors: 0, Skipped: 0, Time elapsed: 0.153 sec
Running com.landasource.wiidget.parser.ExpressionTest
Tests run: 6, Failures: 0, Errors: 0, Skipped: 0, Time elapsed: 0.175 sec
Running com.landasource.wiidget.parser.ExternalImportTest
CI server property: CONTINUOUS_INTEGRATION = null 
2014-08-22 19:53:57.051:INFO::main: Logging initialized @530ms
aug. 22, 2014 7:53:57 DU com.landasource.wiidget.parser.ExternalImportTest initServer
INFO: External wiidget server started
aug. 22, 2014 7:53:57 DU com.landasource.wiidget.parser.ExternalImportTest stopServer
INFO: External wiidget server stopped
Tests run: 4, Failures: 0, Errors: 0, Skipped: 0, Time elapsed: 0.222 sec
Running com.landasource.wiidget.WiidgetTest
Tests run: 5, Failures: 0, Errors: 0, Skipped: 0, Time elapsed: 0.001 sec

Results :

Tests run: 20, Failures: 0, Errors: 0, Skipped: 0

[INFO] 
[INFO] --- maven-jar-plugin:2.4:jar (default-jar) @ wiidget ---
[INFO] Building jar: C:\Users\Zsolti\Documents\GitHub\landasource\wiidget-core\target\wiidget-0.1.0.jar
[INFO] 
[INFO] --- maven-source-plugin:2.2.1:jar-no-fork (attach-sources) @ wiidget ---
[INFO] Building jar: C:\Users\Zsolti\Documents\GitHub\landasource\wiidget-core\target\wiidget-0.1.0-sources.jar
[INFO] 
[INFO] --- maven-javadoc-plugin:2.9.1:jar (attach-javadocs) @ wiidget ---
[WARNING] Source files encoding has not been set, using platform encoding Cp1250, i.e. build is platform dependent!
[INFO] 
Loading source files for package com.landasource.wiidget.annotation...
Loading source files for package com.landasource.wiidget.antlr...
Loading source files for package com.landasource.wiidget.basewiidgets...
Loading source files for package com.landasource.wiidget.context...
Loading source files for package com.landasource.wiidget.engine.configuration...
Loading source files for package com.landasource.wiidget.engine...
Loading source files for package com.landasource.wiidget.engine.externals...
Loading source files for package com.landasource.wiidget.io...
Loading source files for package com.landasource.wiidget.parser.control...
Loading source files for package com.landasource.wiidget.parser...
Loading source files for package com.landasource.wiidget.parser.evaluation...
Loading source files for package com.landasource.wiidget.parser.imports...
Loading source files for package com.landasource.wiidget.parser.resource...
Loading source files for package com.landasource.wiidget.parser.util...
Loading source files for package com.landasource.wiidget.reflect...
Loading source files for package com.landasource.wiidget...
Loading source files for package com.landasource.wiidget.url...
Loading source files for package com.landasource.wiidget.util...
Loading source files for package com.landasource.wiidget.validation...
Loading source files for package com.landasource.wiidget.validator...
Constructing Javadoc information...
Standard Doclet version 1.7.0_40
Building tree for all the packages and classes...
Generating C:\Users\Zsolti\Documents\GitHub\landasource\wiidget-core\target\apidocs\org\landa\wiidget\annotation\Attribute.html...
Generating C:\Users\Zsolti\Documents\GitHub\landasource\wiidget-core\target\apidocs\org\landa\wiidget\annotation\DefaultField.html...
Generating C:\Users\Zsolti\Documents\GitHub\landasource\wiidget-core\target\apidocs\org\landa\wiidget\antlr\WiidgetBaseListener.html...
Generating C:\Users\Zsolti\Documents\GitHub\landasource\wiidget-core\target\apidocs\org\landa\wiidget\antlr\WiidgetBaseVisitor.html...
Generating C:\Users\Zsolti\Documents\GitHub\landasource\wiidget-core\target\apidocs\org\landa\wiidget\antlr\WiidgetErrorStrategy.html...
Generating C:\Users\Zsolti\Documents\GitHub\landasource\wiidget-core\target\apidocs\org\landa\wiidget\antlr\WiidgetLexer.html...
Generating C:\Users\Zsolti\Documents\GitHub\landasource\wiidget-core\target\apidocs\org\landa\wiidget\antlr\WiidgetLexerException.html...
Generating C:\Users\Zsolti\Documents\GitHub\landasource\wiidget-core\target\apidocs\org\landa\wiidget\antlr\WiidgetListener.html...
Generating C:\Users\Zsolti\Documents\GitHub\landasource\wiidget-core\target\apidocs\org\landa\wiidget\antlr\WiidgetParser.html...
Generating C:\Users\Zsolti\Documents\GitHub\landasource\wiidget-core\target\apidocs\org\landa\wiidget\antlr\WiidgetParser.CompilationUnitContext.html...
Generating C:\Users\Zsolti\Documents\GitHub\landasource\wiidget-core\target\apidocs\org\landa\wiidget\antlr\WiidgetParser.ControlStatementContext.html...
Generating C:\Users\Zsolti\Documents\GitHub\landasource\wiidget-core\target\apidocs\org\landa\wiidget\antlr\WiidgetParser.ElementValueArrayInitializerContext.html...
Generating C:\Users\Zsolti\Documents\GitHub\landasource\wiidget-core\target\apidocs\org\landa\wiidget\antlr\WiidgetParser.ElementValueContext.html...
Generating C:\Users\Zsolti\Documents\GitHub\landasource\wiidget-core\target\apidocs\org\landa\wiidget\antlr\WiidgetParser.ElementValuePairContext.html...
Generating C:\Users\Zsolti\Documents\GitHub\landasource\wiidget-core\target\apidocs\org\landa\wiidget\antlr\WiidgetParser.ElementValuePairsContext.html...
Generating C:\Users\Zsolti\Documents\GitHub\landasource\wiidget-core\target\apidocs\org\landa\wiidget\antlr\WiidgetParser.ExpressionContext.html...
Generating C:\Users\Zsolti\Documents\GitHub\landasource\wiidget-core\target\apidocs\org\landa\wiidget\antlr\WiidgetParser.ExpressionListContext.html...
Generating C:\Users\Zsolti\Documents\GitHub\landasource\wiidget-core\target\apidocs\org\landa\wiidget\antlr\WiidgetParser.ExpressionWiidgetNameContext.html...
Generating C:\Users\Zsolti\Documents\GitHub\landasource\wiidget-core\target\apidocs\org\landa\wiidget\antlr\WiidgetParser.ExternalImportContext.html...
Generating C:\Users\Zsolti\Documents\GitHub\landasource\wiidget-core\target\apidocs\org\landa\wiidget\antlr\WiidgetParser.ForeachControlContext.html...
Generating C:\Users\Zsolti\Documents\GitHub\landasource\wiidget-core\target\apidocs\org\landa\wiidget\antlr\WiidgetParser.ForeachVariableContext.html...
Generating C:\Users\Zsolti\Documents\GitHub\landasource\wiidget-core\target\apidocs\org\landa\wiidget\antlr\WiidgetParser.IfControlContext.html...
Generating C:\Users\Zsolti\Documents\GitHub\landasource\wiidget-core\target\apidocs\org\landa\wiidget\antlr\WiidgetParser.ImportDeclarationContext.html...
Generating C:\Users\Zsolti\Documents\GitHub\landasource\wiidget-core\target\apidocs\org\landa\wiidget\antlr\WiidgetParser.InnerImportContext.html...
Generating C:\Users\Zsolti\Documents\GitHub\landasource\wiidget-core\target\apidocs\org\landa\wiidget\antlr\WiidgetParser.LiteralContext.html...
Generating C:\Users\Zsolti\Documents\GitHub\landasource\wiidget-core\target\apidocs\org\landa\wiidget\antlr\WiidgetParser.PrimaryContext.html...
Generating C:\Users\Zsolti\Documents\GitHub\landasource\wiidget-core\target\apidocs\org\landa\wiidget\antlr\WiidgetParser.QualifiedNameContext.html...
Generating C:\Users\Zsolti\Documents\GitHub\landasource\wiidget-core\target\apidocs\org\landa\wiidget\antlr\WiidgetParser.SeamStatementContext.html...
Generating C:\Users\Zsolti\Documents\GitHub\landasource\wiidget-core\target\apidocs\org\landa\wiidget\antlr\WiidgetParser.StatementDeclarationContext.html...
Generating C:\Users\Zsolti\Documents\GitHub\landasource\wiidget-core\target\apidocs\org\landa\wiidget\antlr\WiidgetParser.UnifiedWiidgetNameContext.html...
Generating C:\Users\Zsolti\Documents\GitHub\landasource\wiidget-core\target\apidocs\org\landa\wiidget\antlr\WiidgetParser.WiidgetArgumentsContext.html...
Generating C:\Users\Zsolti\Documents\GitHub\landasource\wiidget-core\target\apidocs\org\landa\wiidget\antlr\WiidgetParser.WiidgetBodyContext.html...
Generating C:\Users\Zsolti\Documents\GitHub\landasource\wiidget-core\target\apidocs\org\landa\wiidget\antlr\WiidgetParser.WiidgetDeclarationContext.html...
Generating C:\Users\Zsolti\Documents\GitHub\landasource\wiidget-core\target\apidocs\org\landa\wiidget\antlr\WiidgetParser.WiidgetMethodCallExpressionContext.html...
Generating C:\Users\Zsolti\Documents\GitHub\landasource\wiidget-core\target\apidocs\org\landa\wiidget\antlr\WiidgetParser.WiidgetVariableBindingContext.html...
Generating C:\Users\Zsolti\Documents\GitHub\landasource\wiidget-core\target\apidocs\org\landa\wiidget\antlr\WiidgetParser.WiidgetVariableContext.html...
Generating C:\Users\Zsolti\Documents\GitHub\landasource\wiidget-core\target\apidocs\org\landa\wiidget\antlr\WiidgetVisitor.html...
Generating C:\Users\Zsolti\Documents\GitHub\landasource\wiidget-core\target\apidocs\org\landa\wiidget\basewiidgets\Out.html...
Generating C:\Users\Zsolti\Documents\GitHub\landasource\wiidget-core\target\apidocs\org\landa\wiidget\basewiidgets\Raw.html...
Generating C:\Users\Zsolti\Documents\GitHub\landasource\wiidget-core\target\apidocs\org\landa\wiidget\basewiidgets\WiidgetLangCompiler.html...
Generating C:\Users\Zsolti\Documents\GitHub\landasource\wiidget-core\target\apidocs\org\landa\wiidget\context\DefaultWiidgetContext.html...
Generating C:\Users\Zsolti\Documents\GitHub\landasource\wiidget-core\target\apidocs\org\landa\wiidget\context\WiidgetContext.html...
Generating C:\Users\Zsolti\Documents\GitHub\landasource\wiidget-core\target\apidocs\org\landa\wiidget\engine\configuration\Configuration.html...
Generating C:\Users\Zsolti\Documents\GitHub\landasource\wiidget-core\target\apidocs\org\landa\wiidget\engine\configuration\DefaultConfiguration.html...
Generating C:\Users\Zsolti\Documents\GitHub\landasource\wiidget-core\target\apidocs\org\landa\wiidget\engine\configuration\DefaultExpressionEvaluatorFactory.html...
Generating C:\Users\Zsolti\Documents\GitHub\landasource\wiidget-core\target\apidocs\org\landa\wiidget\engine\DefaultWiidgetFactory.html...
Generating C:\Users\Zsolti\Documents\GitHub\landasource\wiidget-core\target\apidocs\org\landa\wiidget\engine\ObjectFactory.html...
Generating C:\Users\Zsolti\Documents\GitHub\landasource\wiidget-core\target\apidocs\org\landa\wiidget\engine\Position.html...
Generating C:\Users\Zsolti\Documents\GitHub\landasource\wiidget-core\target\apidocs\org\landa\wiidget\engine\RawWiidget.html...
Generating C:\Users\Zsolti\Documents\GitHub\landasource\wiidget-core\target\apidocs\org\landa\wiidget\engine\ReflectionObjectFactory.html...
Generating C:\Users\Zsolti\Documents\GitHub\landasource\wiidget-core\target\apidocs\org\landa\wiidget\engine\ResourceLink.html...
Generating C:\Users\Zsolti\Documents\GitHub\landasource\wiidget-core\target\apidocs\org\landa\wiidget\engine\ResultTransformer.html...
Generating C:\Users\Zsolti\Documents\GitHub\landasource\wiidget-core\target\apidocs\org\landa\wiidget\engine\ResultTransformerRegistrator.html...
Generating C:\Users\Zsolti\Documents\GitHub\landasource\wiidget-core\target\apidocs\org\landa\wiidget\engine\WiidgetFactory.html...
Generating C:\Users\Zsolti\Documents\GitHub\landasource\wiidget-core\target\apidocs\org\landa\wiidget\engine\externals\AbstractWiidgetLoader.html...
Generating C:\Users\Zsolti\Documents\GitHub\landasource\wiidget-core\target\apidocs\org\landa\wiidget\engine\externals\ExternalWiidgetLoader.html...
Generating C:\Users\Zsolti\Documents\GitHub\landasource\wiidget-core\target\apidocs\org\landa\wiidget\engine\externals\LoadingException.html...
Generating C:\Users\Zsolti\Documents\GitHub\landasource\wiidget-core\target\apidocs\org\landa\wiidget\engine\externals\LocalFileWiidgetLoader.html...
Generating C:\Users\Zsolti\Documents\GitHub\landasource\wiidget-core\target\apidocs\org\landa\wiidget\engine\externals\ResourceWiidgetLoader.html...
Generating C:\Users\Zsolti\Documents\GitHub\landasource\wiidget-core\target\apidocs\org\landa\wiidget\engine\externals\WebWiidgetLoader.html...
Generating C:\Users\Zsolti\Documents\GitHub\landasource\wiidget-core\target\apidocs\org\landa\wiidget\io\BufferedPrintStream.html...
Generating C:\Users\Zsolti\Documents\GitHub\landasource\wiidget-core\target\apidocs\org\landa\wiidget\io\FileUtil.html...
Generating C:\Users\Zsolti\Documents\GitHub\landasource\wiidget-core\target\apidocs\org\landa\wiidget\io\FormatterTransformer.html...
Generating C:\Users\Zsolti\Documents\GitHub\landasource\wiidget-core\target\apidocs\org\landa\wiidget\io\StringTemplate.html...
Generating C:\Users\Zsolti\Documents\GitHub\landasource\wiidget-core\target\apidocs\org\landa\wiidget\io\XMLFormatter.html...
Generating C:\Users\Zsolti\Documents\GitHub\landasource\wiidget-core\target\apidocs\org\landa\wiidget\parser\control\ForeachControl.html...
Generating C:\Users\Zsolti\Documents\GitHub\landasource\wiidget-core\target\apidocs\org\landa\wiidget\parser\control\IfControl.html...
Generating C:\Users\Zsolti\Documents\GitHub\landasource\wiidget-core\target\apidocs\org\landa\wiidget\parser\CustomWiidgetParser.html...
Generating C:\Users\Zsolti\Documents\GitHub\landasource\wiidget-core\target\apidocs\org\landa\wiidget\parser\WiidgetLangProcessor.html...
Generating C:\Users\Zsolti\Documents\GitHub\landasource\wiidget-core\target\apidocs\org\landa\wiidget\parser\WiidgetParserException.html...
Generating C:\Users\Zsolti\Documents\GitHub\landasource\wiidget-core\target\apidocs\org\landa\wiidget\parser\evaluation\EvaluationException.html...
Generating C:\Users\Zsolti\Documents\GitHub\landasource\wiidget-core\target\apidocs\org\landa\wiidget\parser\evaluation\ExpressionEvaluator.html...
Generating C:\Users\Zsolti\Documents\GitHub\landasource\wiidget-core\target\apidocs\org\landa\wiidget\parser\evaluation\ExpressionEvaluatorFactory.html...
Generating C:\Users\Zsolti\Documents\GitHub\landasource\wiidget-core\target\apidocs\org\landa\wiidget\parser\imports\DuplicateAliasException.html...
Generating C:\Users\Zsolti\Documents\GitHub\landasource\wiidget-core\target\apidocs\org\landa\wiidget\parser\imports\ImportContext.html...
Generating C:\Users\Zsolti\Documents\GitHub\landasource\wiidget-core\target\apidocs\org\landa\wiidget\parser\imports\ImportException.html...
Generating C:\Users\Zsolti\Documents\GitHub\landasource\wiidget-core\target\apidocs\org\landa\wiidget\parser\imports\NonWiidgetClassException.html...
Generating C:\Users\Zsolti\Documents\GitHub\landasource\wiidget-core\target\apidocs\org\landa\wiidget\parser\resource\ClassWiidgetResource.html...
Generating C:\Users\Zsolti\Documents\GitHub\landasource\wiidget-core\target\apidocs\org\landa\wiidget\parser\resource\ExternalWiidgetResource.html...
Generating C:\Users\Zsolti\Documents\GitHub\landasource\wiidget-core\target\apidocs\org\landa\wiidget\parser\resource\FileWiidgetResource.html...
Generating C:\Users\Zsolti\Documents\GitHub\landasource\wiidget-core\target\apidocs\org\landa\wiidget\parser\resource\WiidgetResource.html...
Generating C:\Users\Zsolti\Documents\GitHub\landasource\wiidget-core\target\apidocs\org\landa\wiidget\parser\util\QuilifiedName.html...
Generating C:\Users\Zsolti\Documents\GitHub\landasource\wiidget-core\target\apidocs\org\landa\wiidget\parser\util\StringDeclaration.html...
Generating C:\Users\Zsolti\Documents\GitHub\landasource\wiidget-core\target\apidocs\org\landa\wiidget\reflect\AnnotatedAccessor.html...
Generating C:\Users\Zsolti\Documents\GitHub\landasource\wiidget-core\target\apidocs\org\landa\wiidget\reflect\AnnotatedFieldAccessor.html...
Generating C:\Users\Zsolti\Documents\GitHub\landasource\wiidget-core\target\apidocs\org\landa\wiidget\reflect\FieldAccessor.html...
Generating C:\Users\Zsolti\Documents\GitHub\landasource\wiidget-core\target\apidocs\org\landa\wiidget\reflect\GetterFieldAccessor.html...
Generating C:\Users\Zsolti\Documents\GitHub\landasource\wiidget-core\target\apidocs\org\landa\wiidget\reflect\PublicFieldAccessor.html...
Generating C:\Users\Zsolti\Documents\GitHub\landasource\wiidget-core\target\apidocs\org\landa\wiidget\reflect\Reflection.html...
Generating C:\Users\Zsolti\Documents\GitHub\landasource\wiidget-core\target\apidocs\org\landa\wiidget\reflect\ReflectionException.html...
Generating C:\Users\Zsolti\Documents\GitHub\landasource\wiidget-core\target\apidocs\org\landa\wiidget\Renderer.html...
Generating C:\Users\Zsolti\Documents\GitHub\landasource\wiidget-core\target\apidocs\org\landa\wiidget\ResourceWiidget.html...
Generating C:\Users\Zsolti\Documents\GitHub\landasource\wiidget-core\target\apidocs\org\landa\wiidget\Tag.html...
Generating C:\Users\Zsolti\Documents\GitHub\landasource\wiidget-core\target\apidocs\org\landa\wiidget\Wiidget.html...
Generating C:\Users\Zsolti\Documents\GitHub\landasource\wiidget-core\target\apidocs\org\landa\wiidget\WiidgetException.html...
Generating C:\Users\Zsolti\Documents\GitHub\landasource\wiidget-core\target\apidocs\org\landa\wiidget\WiidgetView.html...
Generating C:\Users\Zsolti\Documents\GitHub\landasource\wiidget-core\target\apidocs\org\landa\wiidget\url\TransparentURLResolver.html...
Generating C:\Users\Zsolti\Documents\GitHub\landasource\wiidget-core\target\apidocs\org\landa\wiidget\url\URLResolver.html...
Generating C:\Users\Zsolti\Documents\GitHub\landasource\wiidget-core\target\apidocs\org\landa\wiidget\util\DataMap.html...
Generating C:\Users\Zsolti\Documents\GitHub\landasource\wiidget-core\target\apidocs\org\landa\wiidget\util\DefaultWiidgetProperties.html...
Generating C:\Users\Zsolti\Documents\GitHub\landasource\wiidget-core\target\apidocs\org\landa\wiidget\util\Pair.html...
Generating C:\Users\Zsolti\Documents\GitHub\landasource\wiidget-core\target\apidocs\org\landa\wiidget\util\Strings.html...
Generating C:\Users\Zsolti\Documents\GitHub\landasource\wiidget-core\target\apidocs\org\landa\wiidget\util\WiidgetProperties.html...
Generating C:\Users\Zsolti\Documents\GitHub\landasource\wiidget-core\target\apidocs\org\landa\wiidget\validation\DefaultWiidgetValidator.html...
Generating C:\Users\Zsolti\Documents\GitHub\landasource\wiidget-core\target\apidocs\org\landa\wiidget\validation\ValidatedBy.html...
Generating C:\Users\Zsolti\Documents\GitHub\landasource\wiidget-core\target\apidocs\org\landa\wiidget\validation\ValidationError.html...
Generating C:\Users\Zsolti\Documents\GitHub\landasource\wiidget-core\target\apidocs\org\landa\wiidget\validation\ValidationException.html...
Generating C:\Users\Zsolti\Documents\GitHub\landasource\wiidget-core\target\apidocs\org\landa\wiidget\validation\Validator.html...
Generating C:\Users\Zsolti\Documents\GitHub\landasource\wiidget-core\target\apidocs\org\landa\wiidget\validation\ValidatorHelper.html...
Generating C:\Users\Zsolti\Documents\GitHub\landasource\wiidget-core\target\apidocs\org\landa\wiidget\validation\WiidgetValidator.html...
Generating C:\Users\Zsolti\Documents\GitHub\landasource\wiidget-core\target\apidocs\org\landa\wiidget\validator\Required.html...
Generating C:\Users\Zsolti\Documents\GitHub\landasource\wiidget-core\target\apidocs\org\landa\wiidget\validator\RequiredValidator.html...
Generating C:\Users\Zsolti\Documents\GitHub\landasource\wiidget-core\target\apidocs\overview-frame.html...
Generating C:\Users\Zsolti\Documents\GitHub\landasource\wiidget-core\target\apidocs\org\landa\wiidget\package-frame.html...
Generating C:\Users\Zsolti\Documents\GitHub\landasource\wiidget-core\target\apidocs\org\landa\wiidget\package-summary.html...
Generating C:\Users\Zsolti\Documents\GitHub\landasource\wiidget-core\target\apidocs\org\landa\wiidget\package-tree.html...
Generating C:\Users\Zsolti\Documents\GitHub\landasource\wiidget-core\target\apidocs\org\landa\wiidget\annotation\package-frame.html...
Generating C:\Users\Zsolti\Documents\GitHub\landasource\wiidget-core\target\apidocs\org\landa\wiidget\annotation\package-summary.html...
Generating C:\Users\Zsolti\Documents\GitHub\landasource\wiidget-core\target\apidocs\org\landa\wiidget\annotation\package-tree.html...
Generating C:\Users\Zsolti\Documents\GitHub\landasource\wiidget-core\target\apidocs\org\landa\wiidget\antlr\package-frame.html...
Generating C:\Users\Zsolti\Documents\GitHub\landasource\wiidget-core\target\apidocs\org\landa\wiidget\antlr\package-summary.html...
Generating C:\Users\Zsolti\Documents\GitHub\landasource\wiidget-core\target\apidocs\org\landa\wiidget\antlr\package-tree.html...
Generating C:\Users\Zsolti\Documents\GitHub\landasource\wiidget-core\target\apidocs\org\landa\wiidget\basewiidgets\package-frame.html...
Generating C:\Users\Zsolti\Documents\GitHub\landasource\wiidget-core\target\apidocs\org\landa\wiidget\basewiidgets\package-summary.html...
Generating C:\Users\Zsolti\Documents\GitHub\landasource\wiidget-core\target\apidocs\org\landa\wiidget\basewiidgets\package-tree.html...
Generating C:\Users\Zsolti\Documents\GitHub\landasource\wiidget-core\target\apidocs\org\landa\wiidget\context\package-frame.html...
Generating C:\Users\Zsolti\Documents\GitHub\landasource\wiidget-core\target\apidocs\org\landa\wiidget\context\package-summary.html...
Generating C:\Users\Zsolti\Documents\GitHub\landasource\wiidget-core\target\apidocs\org\landa\wiidget\context\package-tree.html...
Generating C:\Users\Zsolti\Documents\GitHub\landasource\wiidget-core\target\apidocs\org\landa\wiidget\engine\package-frame.html...
Generating C:\Users\Zsolti\Documents\GitHub\landasource\wiidget-core\target\apidocs\org\landa\wiidget\engine\package-summary.html...
Generating C:\Users\Zsolti\Documents\GitHub\landasource\wiidget-core\target\apidocs\org\landa\wiidget\engine\package-tree.html...
Generating C:\Users\Zsolti\Documents\GitHub\landasource\wiidget-core\target\apidocs\org\landa\wiidget\engine\configuration\package-frame.html...
Generating C:\Users\Zsolti\Documents\GitHub\landasource\wiidget-core\target\apidocs\org\landa\wiidget\engine\configuration\package-summary.html...
Generating C:\Users\Zsolti\Documents\GitHub\landasource\wiidget-core\target\apidocs\org\landa\wiidget\engine\configuration\package-tree.html...
Generating C:\Users\Zsolti\Documents\GitHub\landasource\wiidget-core\target\apidocs\org\landa\wiidget\engine\externals\package-frame.html...
Generating C:\Users\Zsolti\Documents\GitHub\landasource\wiidget-core\target\apidocs\org\landa\wiidget\engine\externals\package-summary.html...
Generating C:\Users\Zsolti\Documents\GitHub\landasource\wiidget-core\target\apidocs\org\landa\wiidget\engine\externals\package-tree.html...
Generating C:\Users\Zsolti\Documents\GitHub\landasource\wiidget-core\target\apidocs\org\landa\wiidget\io\package-frame.html...
Generating C:\Users\Zsolti\Documents\GitHub\landasource\wiidget-core\target\apidocs\org\landa\wiidget\io\package-summary.html...
Generating C:\Users\Zsolti\Documents\GitHub\landasource\wiidget-core\target\apidocs\org\landa\wiidget\io\package-tree.html...
Generating C:\Users\Zsolti\Documents\GitHub\landasource\wiidget-core\target\apidocs\org\landa\wiidget\parser\package-frame.html...
Generating C:\Users\Zsolti\Documents\GitHub\landasource\wiidget-core\target\apidocs\org\landa\wiidget\parser\package-summary.html...
Generating C:\Users\Zsolti\Documents\GitHub\landasource\wiidget-core\target\apidocs\org\landa\wiidget\parser\package-tree.html...
Generating C:\Users\Zsolti\Documents\GitHub\landasource\wiidget-core\target\apidocs\org\landa\wiidget\parser\control\package-frame.html...
Generating C:\Users\Zsolti\Documents\GitHub\landasource\wiidget-core\target\apidocs\org\landa\wiidget\parser\control\package-summary.html...
Generating C:\Users\Zsolti\Documents\GitHub\landasource\wiidget-core\target\apidocs\org\landa\wiidget\parser\control\package-tree.html...
Generating C:\Users\Zsolti\Documents\GitHub\landasource\wiidget-core\target\apidocs\org\landa\wiidget\parser\evaluation\package-frame.html...
Generating C:\Users\Zsolti\Documents\GitHub\landasource\wiidget-core\target\apidocs\org\landa\wiidget\parser\evaluation\package-summary.html...
Generating C:\Users\Zsolti\Documents\GitHub\landasource\wiidget-core\target\apidocs\org\landa\wiidget\parser\evaluation\package-tree.html...
Generating C:\Users\Zsolti\Documents\GitHub\landasource\wiidget-core\target\apidocs\org\landa\wiidget\parser\imports\package-frame.html...
Generating C:\Users\Zsolti\Documents\GitHub\landasource\wiidget-core\target\apidocs\org\landa\wiidget\parser\imports\package-summary.html...
Generating C:\Users\Zsolti\Documents\GitHub\landasource\wiidget-core\target\apidocs\org\landa\wiidget\parser\imports\package-tree.html...
Generating C:\Users\Zsolti\Documents\GitHub\landasource\wiidget-core\target\apidocs\org\landa\wiidget\parser\resource\package-frame.html...
Generating C:\Users\Zsolti\Documents\GitHub\landasource\wiidget-core\target\apidocs\org\landa\wiidget\parser\resource\package-summary.html...
Generating C:\Users\Zsolti\Documents\GitHub\landasource\wiidget-core\target\apidocs\org\landa\wiidget\parser\resource\package-tree.html...
Generating C:\Users\Zsolti\Documents\GitHub\landasource\wiidget-core\target\apidocs\org\landa\wiidget\parser\util\package-frame.html...
Generating C:\Users\Zsolti\Documents\GitHub\landasource\wiidget-core\target\apidocs\org\landa\wiidget\parser\util\package-summary.html...
Generating C:\Users\Zsolti\Documents\GitHub\landasource\wiidget-core\target\apidocs\org\landa\wiidget\parser\util\package-tree.html...
Generating C:\Users\Zsolti\Documents\GitHub\landasource\wiidget-core\target\apidocs\org\landa\wiidget\reflect\package-frame.html...
Generating C:\Users\Zsolti\Documents\GitHub\landasource\wiidget-core\target\apidocs\org\landa\wiidget\reflect\package-summary.html...
Generating C:\Users\Zsolti\Documents\GitHub\landasource\wiidget-core\target\apidocs\org\landa\wiidget\reflect\package-tree.html...
Generating C:\Users\Zsolti\Documents\GitHub\landasource\wiidget-core\target\apidocs\org\landa\wiidget\url\package-frame.html...
Generating C:\Users\Zsolti\Documents\GitHub\landasource\wiidget-core\target\apidocs\org\landa\wiidget\url\package-summary.html...
Generating C:\Users\Zsolti\Documents\GitHub\landasource\wiidget-core\target\apidocs\org\landa\wiidget\url\package-tree.html...
Generating C:\Users\Zsolti\Documents\GitHub\landasource\wiidget-core\target\apidocs\org\landa\wiidget\util\package-frame.html...
Generating C:\Users\Zsolti\Documents\GitHub\landasource\wiidget-core\target\apidocs\org\landa\wiidget\util\package-summary.html...
Generating C:\Users\Zsolti\Documents\GitHub\landasource\wiidget-core\target\apidocs\org\landa\wiidget\util\package-tree.html...
Generating C:\Users\Zsolti\Documents\GitHub\landasource\wiidget-core\target\apidocs\org\landa\wiidget\validation\package-frame.html...
Generating C:\Users\Zsolti\Documents\GitHub\landasource\wiidget-core\target\apidocs\org\landa\wiidget\validation\package-summary.html...
Generating C:\Users\Zsolti\Documents\GitHub\landasource\wiidget-core\target\apidocs\org\landa\wiidget\validation\package-tree.html...
Generating C:\Users\Zsolti\Documents\GitHub\landasource\wiidget-core\target\apidocs\org\landa\wiidget\validator\package-frame.html...
Generating C:\Users\Zsolti\Documents\GitHub\landasource\wiidget-core\target\apidocs\org\landa\wiidget\validator\package-summary.html...
Generating C:\Users\Zsolti\Documents\GitHub\landasource\wiidget-core\target\apidocs\org\landa\wiidget\validator\package-tree.html...
Generating C:\Users\Zsolti\Documents\GitHub\landasource\wiidget-core\target\apidocs\constant-values.html...
Generating C:\Users\Zsolti\Documents\GitHub\landasource\wiidget-core\target\apidocs\serialized-form.html...
Generating C:\Users\Zsolti\Documents\GitHub\landasource\wiidget-core\target\apidocs\org\landa\wiidget\annotation\class-use\DefaultField.html...
Generating C:\Users\Zsolti\Documents\GitHub\landasource\wiidget-core\target\apidocs\org\landa\wiidget\annotation\class-use\Attribute.html...
Generating C:\Users\Zsolti\Documents\GitHub\landasource\wiidget-core\target\apidocs\org\landa\wiidget\antlr\class-use\WiidgetVisitor.html...
Generating C:\Users\Zsolti\Documents\GitHub\landasource\wiidget-core\target\apidocs\org\landa\wiidget\antlr\class-use\WiidgetParser.html...
Generating C:\Users\Zsolti\Documents\GitHub\landasource\wiidget-core\target\apidocs\org\landa\wiidget\antlr\class-use\WiidgetParser.CompilationUnitContext.html...
Generating C:\Users\Zsolti\Documents\GitHub\landasource\wiidget-core\target\apidocs\org\landa\wiidget\antlr\class-use\WiidgetParser.ImportDeclarationContext.html...
Generating C:\Users\Zsolti\Documents\GitHub\landasource\wiidget-core\target\apidocs\org\landa\wiidget\antlr\class-use\WiidgetParser.InnerImportContext.html...
Generating C:\Users\Zsolti\Documents\GitHub\landasource\wiidget-core\target\apidocs\org\landa\wiidget\antlr\class-use\WiidgetParser.ExternalImportContext.html...
Generating C:\Users\Zsolti\Documents\GitHub\landasource\wiidget-core\target\apidocs\org\landa\wiidget\antlr\class-use\WiidgetParser.StatementDeclarationContext.html...
Generating C:\Users\Zsolti\Documents\GitHub\landasource\wiidget-core\target\apidocs\org\landa\wiidget\antlr\class-use\WiidgetParser.ControlStatementContext.html...
Generating C:\Users\Zsolti\Documents\GitHub\landasource\wiidget-core\target\apidocs\org\landa\wiidget\antlr\class-use\WiidgetParser.IfControlContext.html...
Generating C:\Users\Zsolti\Documents\GitHub\landasource\wiidget-core\target\apidocs\org\landa\wiidget\antlr\class-use\WiidgetParser.ForeachControlContext.html...
Generating C:\Users\Zsolti\Documents\GitHub\landasource\wiidget-core\target\apidocs\org\landa\wiidget\antlr\class-use\WiidgetParser.ForeachVariableContext.html...
Generating C:\Users\Zsolti\Documents\GitHub\landasource\wiidget-core\target\apidocs\org\landa\wiidget\antlr\class-use\WiidgetParser.WiidgetDeclarationContext.html...
Generating C:\Users\Zsolti\Documents\GitHub\landasource\wiidget-core\target\apidocs\org\landa\wiidget\antlr\class-use\WiidgetParser.WiidgetVariableBindingContext.html...
Generating C:\Users\Zsolti\Documents\GitHub\landasource\wiidget-core\target\apidocs\org\landa\wiidget\antlr\class-use\WiidgetParser.WiidgetVariableContext.html...
Generating C:\Users\Zsolti\Documents\GitHub\landasource\wiidget-core\target\apidocs\org\landa\wiidget\antlr\class-use\WiidgetParser.UnifiedWiidgetNameContext.html...
Generating C:\Users\Zsolti\Documents\GitHub\landasource\wiidget-core\target\apidocs\org\landa\wiidget\antlr\class-use\WiidgetParser.ExpressionWiidgetNameContext.html...
Generating C:\Users\Zsolti\Documents\GitHub\landasource\wiidget-core\target\apidocs\org\landa\wiidget\antlr\class-use\WiidgetParser.WiidgetMethodCallExpressionContext.html...
Generating C:\Users\Zsolti\Documents\GitHub\landasource\wiidget-core\target\apidocs\org\landa\wiidget\antlr\class-use\WiidgetParser.SeamStatementContext.html...
Generating C:\Users\Zsolti\Documents\GitHub\landasource\wiidget-core\target\apidocs\org\landa\wiidget\antlr\class-use\WiidgetParser.WiidgetArgumentsContext.html...
Generating C:\Users\Zsolti\Documents\GitHub\landasource\wiidget-core\target\apidocs\org\landa\wiidget\antlr\class-use\WiidgetParser.ElementValuePairsContext.html...
Generating C:\Users\Zsolti\Documents\GitHub\landasource\wiidget-core\target\apidocs\org\landa\wiidget\antlr\class-use\WiidgetParser.ElementValuePairContext.html...
Generating C:\Users\Zsolti\Documents\GitHub\landasource\wiidget-core\target\apidocs\org\landa\wiidget\antlr\class-use\WiidgetParser.ElementValueContext.html...
Generating C:\Users\Zsolti\Documents\GitHub\landasource\wiidget-core\target\apidocs\org\landa\wiidget\antlr\class-use\WiidgetParser.ElementValueArrayInitializerContext.html...
Generating C:\Users\Zsolti\Documents\GitHub\landasource\wiidget-core\target\apidocs\org\landa\wiidget\antlr\class-use\WiidgetParser.WiidgetBodyContext.html...
Generating C:\Users\Zsolti\Documents\GitHub\landasource\wiidget-core\target\apidocs\org\landa\wiidget\antlr\class-use\WiidgetParser.QualifiedNameContext.html...
Generating C:\Users\Zsolti\Documents\GitHub\landasource\wiidget-core\target\apidocs\org\landa\wiidget\antlr\class-use\WiidgetParser.LiteralContext.html...
Generating C:\Users\Zsolti\Documents\GitHub\landasource\wiidget-core\target\apidocs\org\landa\wiidget\antlr\class-use\WiidgetParser.ExpressionListContext.html...
Generating C:\Users\Zsolti\Documents\GitHub\landasource\wiidget-core\target\apidocs\org\landa\wiidget\antlr\class-use\WiidgetParser.ExpressionContext.html...
Generating C:\Users\Zsolti\Documents\GitHub\landasource\wiidget-core\target\apidocs\org\landa\wiidget\antlr\class-use\WiidgetParser.PrimaryContext.html...
Generating C:\Users\Zsolti\Documents\GitHub\landasource\wiidget-core\target\apidocs\org\landa\wiidget\antlr\class-use\WiidgetListener.html...
Generating C:\Users\Zsolti\Documents\GitHub\landasource\wiidget-core\target\apidocs\org\landa\wiidget\antlr\class-use\WiidgetLexerException.html...
Generating C:\Users\Zsolti\Documents\GitHub\landasource\wiidget-core\target\apidocs\org\landa\wiidget\antlr\class-use\WiidgetLexer.html...
Generating C:\Users\Zsolti\Documents\GitHub\landasource\wiidget-core\target\apidocs\org\landa\wiidget\antlr\class-use\WiidgetErrorStrategy.html...
Generating C:\Users\Zsolti\Documents\GitHub\landasource\wiidget-core\target\apidocs\org\landa\wiidget\antlr\class-use\WiidgetBaseVisitor.html...
Generating C:\Users\Zsolti\Documents\GitHub\landasource\wiidget-core\target\apidocs\org\landa\wiidget\antlr\class-use\WiidgetBaseListener.html...
Generating C:\Users\Zsolti\Documents\GitHub\landasource\wiidget-core\target\apidocs\org\landa\wiidget\basewiidgets\class-use\WiidgetLangCompiler.html...
Generating C:\Users\Zsolti\Documents\GitHub\landasource\wiidget-core\target\apidocs\org\landa\wiidget\basewiidgets\class-use\Raw.html...
Generating C:\Users\Zsolti\Documents\GitHub\landasource\wiidget-core\target\apidocs\org\landa\wiidget\basewiidgets\class-use\Out.html...
Generating C:\Users\Zsolti\Documents\GitHub\landasource\wiidget-core\target\apidocs\org\landa\wiidget\context\class-use\WiidgetContext.html...
Generating C:\Users\Zsolti\Documents\GitHub\landasource\wiidget-core\target\apidocs\org\landa\wiidget\context\class-use\DefaultWiidgetContext.html...
Generating C:\Users\Zsolti\Documents\GitHub\landasource\wiidget-core\target\apidocs\org\landa\wiidget\engine\configuration\class-use\DefaultExpressionEvaluatorFactory.html...
Generating C:\Users\Zsolti\Documents\GitHub\landasource\wiidget-core\target\apidocs\org\landa\wiidget\engine\configuration\class-use\DefaultConfiguration.html...
Generating C:\Users\Zsolti\Documents\GitHub\landasource\wiidget-core\target\apidocs\org\landa\wiidget\engine\configuration\class-use\Configuration.html...
Generating C:\Users\Zsolti\Documents\GitHub\landasource\wiidget-core\target\apidocs\org\landa\wiidget\engine\class-use\WiidgetFactory.html...
Generating C:\Users\Zsolti\Documents\GitHub\landasource\wiidget-core\target\apidocs\org\landa\wiidget\engine\class-use\ResultTransformerRegistrator.html...
Generating C:\Users\Zsolti\Documents\GitHub\landasource\wiidget-core\target\apidocs\org\landa\wiidget\engine\class-use\ResultTransformer.html...
Generating C:\Users\Zsolti\Documents\GitHub\landasource\wiidget-core\target\apidocs\org\landa\wiidget\engine\class-use\ResourceLink.html...
Generating C:\Users\Zsolti\Documents\GitHub\landasource\wiidget-core\target\apidocs\org\landa\wiidget\engine\class-use\ReflectionObjectFactory.html...
Generating C:\Users\Zsolti\Documents\GitHub\landasource\wiidget-core\target\apidocs\org\landa\wiidget\engine\class-use\RawWiidget.html...
Generating C:\Users\Zsolti\Documents\GitHub\landasource\wiidget-core\target\apidocs\org\landa\wiidget\engine\class-use\Position.html...
Generating C:\Users\Zsolti\Documents\GitHub\landasource\wiidget-core\target\apidocs\org\landa\wiidget\engine\class-use\ObjectFactory.html...
Generating C:\Users\Zsolti\Documents\GitHub\landasource\wiidget-core\target\apidocs\org\landa\wiidget\engine\class-use\DefaultWiidgetFactory.html...
Generating C:\Users\Zsolti\Documents\GitHub\landasource\wiidget-core\target\apidocs\org\landa\wiidget\engine\externals\class-use\WebWiidgetLoader.html...
Generating C:\Users\Zsolti\Documents\GitHub\landasource\wiidget-core\target\apidocs\org\landa\wiidget\engine\externals\class-use\ResourceWiidgetLoader.html...
Generating C:\Users\Zsolti\Documents\GitHub\landasource\wiidget-core\target\apidocs\org\landa\wiidget\engine\externals\class-use\LocalFileWiidgetLoader.html...
Generating C:\Users\Zsolti\Documents\GitHub\landasource\wiidget-core\target\apidocs\org\landa\wiidget\engine\externals\class-use\LoadingException.html...
Generating C:\Users\Zsolti\Documents\GitHub\landasource\wiidget-core\target\apidocs\org\landa\wiidget\engine\externals\class-use\ExternalWiidgetLoader.html...
Generating C:\Users\Zsolti\Documents\GitHub\landasource\wiidget-core\target\apidocs\org\landa\wiidget\engine\externals\class-use\AbstractWiidgetLoader.html...
Generating C:\Users\Zsolti\Documents\GitHub\landasource\wiidget-core\target\apidocs\org\landa\wiidget\io\class-use\XMLFormatter.html...
Generating C:\Users\Zsolti\Documents\GitHub\landasource\wiidget-core\target\apidocs\org\landa\wiidget\io\class-use\StringTemplate.html...
Generating C:\Users\Zsolti\Documents\GitHub\landasource\wiidget-core\target\apidocs\org\landa\wiidget\io\class-use\FormatterTransformer.html...
Generating C:\Users\Zsolti\Documents\GitHub\landasource\wiidget-core\target\apidocs\org\landa\wiidget\io\class-use\FileUtil.html...
Generating C:\Users\Zsolti\Documents\GitHub\landasource\wiidget-core\target\apidocs\org\landa\wiidget\io\class-use\BufferedPrintStream.html...
Generating C:\Users\Zsolti\Documents\GitHub\landasource\wiidget-core\target\apidocs\org\landa\wiidget\parser\control\class-use\IfControl.html...
Generating C:\Users\Zsolti\Documents\GitHub\landasource\wiidget-core\target\apidocs\org\landa\wiidget\parser\control\class-use\ForeachControl.html...
Generating C:\Users\Zsolti\Documents\GitHub\landasource\wiidget-core\target\apidocs\org\landa\wiidget\parser\class-use\WiidgetParserException.html...
Generating C:\Users\Zsolti\Documents\GitHub\landasource\wiidget-core\target\apidocs\org\landa\wiidget\parser\class-use\WiidgetLangProcessor.html...
Generating C:\Users\Zsolti\Documents\GitHub\landasource\wiidget-core\target\apidocs\org\landa\wiidget\parser\class-use\CustomWiidgetParser.html...
Generating C:\Users\Zsolti\Documents\GitHub\landasource\wiidget-core\target\apidocs\org\landa\wiidget\parser\evaluation\class-use\ExpressionEvaluatorFactory.html...
Generating C:\Users\Zsolti\Documents\GitHub\landasource\wiidget-core\target\apidocs\org\landa\wiidget\parser\evaluation\class-use\ExpressionEvaluator.html...
Generating C:\Users\Zsolti\Documents\GitHub\landasource\wiidget-core\target\apidocs\org\landa\wiidget\parser\evaluation\class-use\EvaluationException.html...
Generating C:\Users\Zsolti\Documents\GitHub\landasource\wiidget-core\target\apidocs\org\landa\wiidget\parser\imports\class-use\NonWiidgetClassException.html...
Generating C:\Users\Zsolti\Documents\GitHub\landasource\wiidget-core\target\apidocs\org\landa\wiidget\parser\imports\class-use\ImportException.html...
Generating C:\Users\Zsolti\Documents\GitHub\landasource\wiidget-core\target\apidocs\org\landa\wiidget\parser\imports\class-use\ImportContext.html...
Generating C:\Users\Zsolti\Documents\GitHub\landasource\wiidget-core\target\apidocs\org\landa\wiidget\parser\imports\class-use\DuplicateAliasException.html...
Generating C:\Users\Zsolti\Documents\GitHub\landasource\wiidget-core\target\apidocs\org\landa\wiidget\parser\resource\class-use\WiidgetResource.html...
Generating C:\Users\Zsolti\Documents\GitHub\landasource\wiidget-core\target\apidocs\org\landa\wiidget\parser\resource\class-use\FileWiidgetResource.html...
Generating C:\Users\Zsolti\Documents\GitHub\landasource\wiidget-core\target\apidocs\org\landa\wiidget\parser\resource\class-use\ExternalWiidgetResource.html...
Generating C:\Users\Zsolti\Documents\GitHub\landasource\wiidget-core\target\apidocs\org\landa\wiidget\parser\resource\class-use\ClassWiidgetResource.html...
Generating C:\Users\Zsolti\Documents\GitHub\landasource\wiidget-core\target\apidocs\org\landa\wiidget\parser\util\class-use\StringDeclaration.html...
Generating C:\Users\Zsolti\Documents\GitHub\landasource\wiidget-core\target\apidocs\org\landa\wiidget\parser\util\class-use\QuilifiedName.html...
Generating C:\Users\Zsolti\Documents\GitHub\landasource\wiidget-core\target\apidocs\org\landa\wiidget\reflect\class-use\ReflectionException.html...
Generating C:\Users\Zsolti\Documents\GitHub\landasource\wiidget-core\target\apidocs\org\landa\wiidget\reflect\class-use\Reflection.html...
Generating C:\Users\Zsolti\Documents\GitHub\landasource\wiidget-core\target\apidocs\org\landa\wiidget\reflect\class-use\PublicFieldAccessor.html...
Generating C:\Users\Zsolti\Documents\GitHub\landasource\wiidget-core\target\apidocs\org\landa\wiidget\reflect\class-use\GetterFieldAccessor.html...
Generating C:\Users\Zsolti\Documents\GitHub\landasource\wiidget-core\target\apidocs\org\landa\wiidget\reflect\class-use\FieldAccessor.html...
Generating C:\Users\Zsolti\Documents\GitHub\landasource\wiidget-core\target\apidocs\org\landa\wiidget\reflect\class-use\AnnotatedFieldAccessor.html...
Generating C:\Users\Zsolti\Documents\GitHub\landasource\wiidget-core\target\apidocs\org\landa\wiidget\reflect\class-use\AnnotatedAccessor.html...
Generating C:\Users\Zsolti\Documents\GitHub\landasource\wiidget-core\target\apidocs\org\landa\wiidget\class-use\WiidgetView.html...
Generating C:\Users\Zsolti\Documents\GitHub\landasource\wiidget-core\target\apidocs\org\landa\wiidget\class-use\WiidgetException.html...
Generating C:\Users\Zsolti\Documents\GitHub\landasource\wiidget-core\target\apidocs\org\landa\wiidget\class-use\Wiidget.html...
Generating C:\Users\Zsolti\Documents\GitHub\landasource\wiidget-core\target\apidocs\org\landa\wiidget\class-use\Tag.html...
Generating C:\Users\Zsolti\Documents\GitHub\landasource\wiidget-core\target\apidocs\org\landa\wiidget\class-use\ResourceWiidget.html...
Generating C:\Users\Zsolti\Documents\GitHub\landasource\wiidget-core\target\apidocs\org\landa\wiidget\class-use\Renderer.html...
Generating C:\Users\Zsolti\Documents\GitHub\landasource\wiidget-core\target\apidocs\org\landa\wiidget\url\class-use\URLResolver.html...
Generating C:\Users\Zsolti\Documents\GitHub\landasource\wiidget-core\target\apidocs\org\landa\wiidget\url\class-use\TransparentURLResolver.html...
Generating C:\Users\Zsolti\Documents\GitHub\landasource\wiidget-core\target\apidocs\org\landa\wiidget\util\class-use\WiidgetProperties.html...
Generating C:\Users\Zsolti\Documents\GitHub\landasource\wiidget-core\target\apidocs\org\landa\wiidget\util\class-use\Strings.html...
Generating C:\Users\Zsolti\Documents\GitHub\landasource\wiidget-core\target\apidocs\org\landa\wiidget\util\class-use\Pair.html...
Generating C:\Users\Zsolti\Documents\GitHub\landasource\wiidget-core\target\apidocs\org\landa\wiidget\util\class-use\DefaultWiidgetProperties.html...
Generating C:\Users\Zsolti\Documents\GitHub\landasource\wiidget-core\target\apidocs\org\landa\wiidget\util\class-use\DataMap.html...
Generating C:\Users\Zsolti\Documents\GitHub\landasource\wiidget-core\target\apidocs\org\landa\wiidget\validation\class-use\WiidgetValidator.html...
Generating C:\Users\Zsolti\Documents\GitHub\landasource\wiidget-core\target\apidocs\org\landa\wiidget\validation\class-use\ValidatorHelper.html...
Generating C:\Users\Zsolti\Documents\GitHub\landasource\wiidget-core\target\apidocs\org\landa\wiidget\validation\class-use\Validator.html...
Generating C:\Users\Zsolti\Documents\GitHub\landasource\wiidget-core\target\apidocs\org\landa\wiidget\validation\class-use\ValidationException.html...
Generating C:\Users\Zsolti\Documents\GitHub\landasource\wiidget-core\target\apidocs\org\landa\wiidget\validation\class-use\ValidationError.html...
Generating C:\Users\Zsolti\Documents\GitHub\landasource\wiidget-core\target\apidocs\org\landa\wiidget\validation\class-use\ValidatedBy.html...
Generating C:\Users\Zsolti\Documents\GitHub\landasource\wiidget-core\target\apidocs\org\landa\wiidget\validation\class-use\DefaultWiidgetValidator.html...
Generating C:\Users\Zsolti\Documents\GitHub\landasource\wiidget-core\target\apidocs\org\landa\wiidget\validator\class-use\RequiredValidator.html...
Generating C:\Users\Zsolti\Documents\GitHub\landasource\wiidget-core\target\apidocs\org\landa\wiidget\validator\class-use\Required.html...
Generating C:\Users\Zsolti\Documents\GitHub\landasource\wiidget-core\target\apidocs\org\landa\wiidget\package-use.html...
Generating C:\Users\Zsolti\Documents\GitHub\landasource\wiidget-core\target\apidocs\org\landa\wiidget\annotation\package-use.html...
Generating C:\Users\Zsolti\Documents\GitHub\landasource\wiidget-core\target\apidocs\org\landa\wiidget\antlr\package-use.html...
Generating C:\Users\Zsolti\Documents\GitHub\landasource\wiidget-core\target\apidocs\org\landa\wiidget\basewiidgets\package-use.html...
Generating C:\Users\Zsolti\Documents\GitHub\landasource\wiidget-core\target\apidocs\org\landa\wiidget\context\package-use.html...
Generating C:\Users\Zsolti\Documents\GitHub\landasource\wiidget-core\target\apidocs\org\landa\wiidget\engine\package-use.html...
Generating C:\Users\Zsolti\Documents\GitHub\landasource\wiidget-core\target\apidocs\org\landa\wiidget\engine\configuration\package-use.html...
Generating C:\Users\Zsolti\Documents\GitHub\landasource\wiidget-core\target\apidocs\org\landa\wiidget\engine\externals\package-use.html...
Generating C:\Users\Zsolti\Documents\GitHub\landasource\wiidget-core\target\apidocs\org\landa\wiidget\io\package-use.html...
Generating C:\Users\Zsolti\Documents\GitHub\landasource\wiidget-core\target\apidocs\org\landa\wiidget\parser\package-use.html...
Generating C:\Users\Zsolti\Documents\GitHub\landasource\wiidget-core\target\apidocs\org\landa\wiidget\parser\control\package-use.html...
Generating C:\Users\Zsolti\Documents\GitHub\landasource\wiidget-core\target\apidocs\org\landa\wiidget\parser\evaluation\package-use.html...
Generating C:\Users\Zsolti\Documents\GitHub\landasource\wiidget-core\target\apidocs\org\landa\wiidget\parser\imports\package-use.html...
Generating C:\Users\Zsolti\Documents\GitHub\landasource\wiidget-core\target\apidocs\org\landa\wiidget\parser\resource\package-use.html...
Generating C:\Users\Zsolti\Documents\GitHub\landasource\wiidget-core\target\apidocs\org\landa\wiidget\parser\util\package-use.html...
Generating C:\Users\Zsolti\Documents\GitHub\landasource\wiidget-core\target\apidocs\org\landa\wiidget\reflect\package-use.html...
Generating C:\Users\Zsolti\Documents\GitHub\landasource\wiidget-core\target\apidocs\org\landa\wiidget\url\package-use.html...
Generating C:\Users\Zsolti\Documents\GitHub\landasource\wiidget-core\target\apidocs\org\landa\wiidget\util\package-use.html...
Generating C:\Users\Zsolti\Documents\GitHub\landasource\wiidget-core\target\apidocs\org\landa\wiidget\validation\package-use.html...
Generating C:\Users\Zsolti\Documents\GitHub\landasource\wiidget-core\target\apidocs\org\landa\wiidget\validator\package-use.html...
Building index for all the packages and classes...
Generating C:\Users\Zsolti\Documents\GitHub\landasource\wiidget-core\target\apidocs\overview-tree.html...
Generating C:\Users\Zsolti\Documents\GitHub\landasource\wiidget-core\target\apidocs\index-all.html...
Generating C:\Users\Zsolti\Documents\GitHub\landasource\wiidget-core\target\apidocs\deprecated-list.html...
Building index for all classes...
Generating C:\Users\Zsolti\Documents\GitHub\landasource\wiidget-core\target\apidocs\allclasses-frame.html...
Generating C:\Users\Zsolti\Documents\GitHub\landasource\wiidget-core\target\apidocs\allclasses-noframe.html...
Generating C:\Users\Zsolti\Documents\GitHub\landasource\wiidget-core\target\apidocs\index.html...
Generating C:\Users\Zsolti\Documents\GitHub\landasource\wiidget-core\target\apidocs\overview-summary.html...
Generating C:\Users\Zsolti\Documents\GitHub\landasource\wiidget-core\target\apidocs\help-doc.html...
45 warnings
[WARNING] Javadoc Warnings
[WARNING] C:\Users\Zsolti\Documents\GitHub\landasource\wiidget-core\src\main\java\org\landa\wiidget\engine\ResultTransformer.java:8: warning - @author tag has no arguments.
[WARNING] C:\Users\Zsolti\Documents\GitHub\landasource\wiidget-core\src\main\java\org\landa\wiidget\io\FormatterTransformer.java:8: warning - @author tag has no arguments.
[WARNING] C:\Users\Zsolti\Documents\GitHub\landasource\wiidget-core\src\main\java\org\landa\wiidget\Wiidget.java:174: warning - @return tag has no arguments.
[WARNING] C:\Users\Zsolti\Documents\GitHub\landasource\wiidget-core\src\main\java\org\landa\wiidget\Wiidget.java:212: warning - @return tag has no arguments.
[WARNING] C:\Users\Zsolti\Documents\GitHub\landasource\wiidget-core\src\main\java\org\landa\wiidget\Wiidget.java:246: warning - @return tag has no arguments.
[WARNING] C:\Users\Zsolti\Documents\GitHub\landasource\wiidget-core\src\main\java\org\landa\wiidget\engine\DefaultWiidgetFactory.java:114: warning - @return tag has no arguments.
[WARNING] C:\Users\Zsolti\Documents\GitHub\landasource\wiidget-core\src\main\java\org\landa\wiidget\engine\WiidgetFactory.java:26: warning - @return tag has no arguments.
[WARNING] C:\Users\Zsolti\Documents\GitHub\landasource\wiidget-core\src\main\java\org\landa\wiidget\engine\WiidgetFactory.java:31: warning - @return tag has no arguments.
[WARNING] C:\Users\Zsolti\Documents\GitHub\landasource\wiidget-core\src\main\java\org\landa\wiidget\engine\WiidgetFactory.java:37: warning - @return tag has no arguments.
[WARNING] C:\Users\Zsolti\Documents\GitHub\landasource\wiidget-core\src\main\java\org\landa\wiidget\engine\WiidgetFactory.java:64: warning - @return tag has no arguments.
[WARNING] C:\Users\Zsolti\Documents\GitHub\landasource\wiidget-core\src\main\java\org\landa\wiidget\engine\WiidgetFactory.java:71: warning - @return tag has no arguments.
[WARNING] C:\Users\Zsolti\Documents\GitHub\landasource\wiidget-core\src\main\java\org\landa\wiidget\engine\WiidgetFactory.java:78: warning - @return tag has no arguments.
[WARNING] C:\Users\Zsolti\Documents\GitHub\landasource\wiidget-core\src\main\java\org\landa\wiidget\engine\WiidgetFactory.java:83: warning - @return tag has no arguments.
[WARNING] C:\Users\Zsolti\Documents\GitHub\landasource\wiidget-core\src\main\java\org\landa\wiidget\engine\DefaultWiidgetFactory.java:64: warning - @param argument "objectFactory" is not a parameter name.
[WARNING] C:\Users\Zsolti\Documents\GitHub\landasource\wiidget-core\src\main\java\org\landa\wiidget\engine\DefaultWiidgetFactory.java:64: warning - @param argument "wiidgetValidator" is not a parameter name.
[WARNING] C:\Users\Zsolti\Documents\GitHub\landasource\wiidget-core\src\main\java\org\landa\wiidget\engine\Position.java:18: warning - @return tag has no arguments.
[WARNING] C:\Users\Zsolti\Documents\GitHub\landasource\wiidget-core\src\main\java\org\landa\wiidget\engine\WiidgetFactory.java:26: warning - @param argument "printStream" is not a parameter name.
[WARNING] C:\Users\Zsolti\Documents\GitHub\landasource\wiidget-core\src\main\java\org\landa\wiidget\io\BufferedPrintStream.java:24: warning - @param argument "out" is not a parameter name.
[WARNING] C:\Users\Zsolti\Documents\GitHub\landasource\wiidget-core\src\main\java\org\landa\wiidget\parser\WiidgetLangProcessor.java:130: warning - @return tag has no arguments.
[WARNING] C:\Users\Zsolti\Documents\GitHub\landasource\wiidget-core\src\main\java\org\landa\wiidget\parser\WiidgetLangProcessor.java:142: warning - @return tag has no arguments.
[WARNING] C:\Users\Zsolti\Documents\GitHub\landasource\wiidget-core\src\main\java\org\landa\wiidget\parser\WiidgetLangProcessor.java:153: warning - @return tag has no arguments.
[WARNING] C:\Users\Zsolti\Documents\GitHub\landasource\wiidget-core\src\main\java\org\landa\wiidget\parser\evaluation\ExpressionEvaluator.java:288: warning - @return tag has no arguments.
[WARNING] C:\Users\Zsolti\Documents\GitHub\landasource\wiidget-core\src\main\java\org\landa\wiidget\parser\evaluation\ExpressionEvaluator.java:411: warning - @return tag has no arguments.
[WARNING] C:\Users\Zsolti\Documents\GitHub\landasource\wiidget-core\src\main\java\org\landa\wiidget\parser\imports\DuplicateAliasException.java:28: warning - @param argument "importDeclaration" is not a parameter name.
[WARNING] C:\Users\Zsolti\Documents\GitHub\landasource\wiidget-core\src\main\java\org\landa\wiidget\reflect\Reflection.java:48: warning - @return tag has no arguments.
[WARNING] C:\Users\Zsolti\Documents\GitHub\landasource\wiidget-core\src\main\java\org\landa\wiidget\reflect\Reflection.java:68: warning - @return tag has no arguments.
[WARNING] C:\Users\Zsolti\Documents\GitHub\landasource\wiidget-core\src\main\java\org\landa\wiidget\reflect\Reflection.java:114: warning - @return tag has no arguments.
[WARNING] C:\Users\Zsolti\Documents\GitHub\landasource\wiidget-core\src\main\java\org\landa\wiidget\reflect\Reflection.java:148: warning - @return tag has no arguments.
[WARNING] C:\Users\Zsolti\Documents\GitHub\landasource\wiidget-core\src\main\java\org\landa\wiidget\reflect\Reflection.java:165: warning - @return tag has no arguments.
[WARNING] C:\Users\Zsolti\Documents\GitHub\landasource\wiidget-core\src\main\java\org\landa\wiidget\reflect\Reflection.java:184: warning - @return tag has no arguments.
[WARNING] C:\Users\Zsolti\Documents\GitHub\landasource\wiidget-core\src\main\java\org\landa\wiidget\Renderer.java:39: warning - @return tag has no arguments.
[WARNING] C:\Users\Zsolti\Documents\GitHub\landasource\wiidget-core\src\main\java\org\landa\wiidget\Renderer.java:58: warning - @return tag has no arguments.
[WARNING] C:\Users\Zsolti\Documents\GitHub\landasource\wiidget-core\src\main\java\org\landa\wiidget\Renderer.java:72: warning - @return tag has no arguments.
[WARNING] C:\Users\Zsolti\Documents\GitHub\landasource\wiidget-core\src\main\java\org\landa\wiidget\Renderer.java:91: warning - @return tag has no arguments.
[WARNING] C:\Users\Zsolti\Documents\GitHub\landasource\wiidget-core\src\main\java\org\landa\wiidget\Renderer.java:103: warning - @return tag has no arguments.
[WARNING] C:\Users\Zsolti\Documents\GitHub\landasource\wiidget-core\src\main\java\org\landa\wiidget\Renderer.java:123: warning - @return tag has no arguments.
[WARNING] C:\Users\Zsolti\Documents\GitHub\landasource\wiidget-core\src\main\java\org\landa\wiidget\Renderer.java:152: warning - @return tag has no arguments.
[WARNING] C:\Users\Zsolti\Documents\GitHub\landasource\wiidget-core\src\main\java\org\landa\wiidget\Renderer.java:137: warning - @return tag has no arguments.
[WARNING] C:\Users\Zsolti\Documents\GitHub\landasource\wiidget-core\src\main\java\org\landa\wiidget\Renderer.java:171: warning - @return tag has no arguments.
[WARNING] C:\Users\Zsolti\Documents\GitHub\landasource\wiidget-core\src\main\java\org\landa\wiidget\Tag.java:477: warning - @return tag has no arguments.
[WARNING] C:\Users\Zsolti\Documents\GitHub\landasource\wiidget-core\src\main\java\org\landa\wiidget\Tag.java:453: warning - @return tag has no arguments.
[WARNING] C:\Users\Zsolti\Documents\GitHub\landasource\wiidget-core\src\main\java\org\landa\wiidget\Tag.java:199: warning - Tag @link: can't find setAttribute(String, String) in com.landasource.wiidget.Tag
[WARNING] C:\Users\Zsolti\Documents\GitHub\landasource\wiidget-core\src\main\java\org\landa\wiidget\util\DataMap.java:36: warning - @return tag has no arguments.
[WARNING] C:\Users\Zsolti\Documents\GitHub\landasource\wiidget-core\src\main\java\org\landa\wiidget\validation\DefaultWiidgetValidator.java:81: warning - @return tag has no arguments.
[WARNING] C:\Users\Zsolti\Documents\GitHub\landasource\wiidget-core\src\main\java\org\landa\wiidget\validation\ValidatedBy.java:23: warning - @return tag has no arguments.
[INFO] Building jar: C:\Users\Zsolti\Documents\GitHub\landasource\wiidget-core\target\wiidget-0.1.0-javadoc.jar
[INFO] 
[INFO] --- maven-gpg-plugin:1.5:sign (sign-artifacts) @ wiidget ---
[INFO] 
[INFO] --- maven-install-plugin:2.4:install (default-install) @ wiidget ---
[INFO] Installing C:\Users\Zsolti\Documents\GitHub\landasource\wiidget-core\target\wiidget-0.1.0.jar to C:\Users\Zsolti\.m2\repository\org\landasource\wiidget\0.1.0\wiidget-0.1.0.jar
[INFO] Installing C:\Users\Zsolti\Documents\GitHub\landasource\wiidget-core\pom.xml to C:\Users\Zsolti\.m2\repository\org\landasource\wiidget\0.1.0\wiidget-0.1.0.pom
[INFO] Installing C:\Users\Zsolti\Documents\GitHub\landasource\wiidget-core\target\wiidget-0.1.0-sources.jar to C:\Users\Zsolti\.m2\repository\org\landasource\wiidget\0.1.0\wiidget-0.1.0-sources.jar
[INFO] Installing C:\Users\Zsolti\Documents\GitHub\landasource\wiidget-core\target\wiidget-0.1.0-javadoc.jar to C:\Users\Zsolti\.m2\repository\org\landasource\wiidget\0.1.0\wiidget-0.1.0-javadoc.jar
[INFO] Installing C:\Users\Zsolti\Documents\GitHub\landasource\wiidget-core\target\wiidget-0.1.0.jar.asc to C:\Users\Zsolti\.m2\repository\org\landasource\wiidget\0.1.0\wiidget-0.1.0.jar.asc
[INFO] Installing C:\Users\Zsolti\Documents\GitHub\landasource\wiidget-core\target\wiidget-0.1.0.pom.asc to C:\Users\Zsolti\.m2\repository\org\landasource\wiidget\0.1.0\wiidget-0.1.0.pom.asc
[INFO] Installing C:\Users\Zsolti\Documents\GitHub\landasource\wiidget-core\target\wiidget-0.1.0-sources.jar.asc to C:\Users\Zsolti\.m2\repository\org\landasource\wiidget\0.1.0\wiidget-0.1.0-sources.jar.asc
[INFO] Installing C:\Users\Zsolti\Documents\GitHub\landasource\wiidget-core\target\wiidget-0.1.0-javadoc.jar.asc to C:\Users\Zsolti\.m2\repository\org\landasource\wiidget\0.1.0\wiidget-0.1.0-javadoc.jar.asc
[INFO] 
[INFO] --- nexus-staging-maven-plugin:1.6.2:deploy (injected-nexus-deploy) @ wiidget ---
[INFO] Performing local staging (local stagingDirectory="C:\Users\Zsolti\Documents\GitHub\landasource\wiidget-core\target\nexus-staging\staging")...
[INFO]  + Using server credentials "ossrh" from Maven settings.
[INFO]  * Connected to Nexus at https://oss.sonatype.org:443/, is version 2.9.0-04 and edition "Professional"
[INFO]  * Using staging profile ID "7edbe315063867" (matched by Nexus).
[INFO] Installing C:\Users\Zsolti\Documents\GitHub\landasource\wiidget-core\target\wiidget-0.1.0.jar to C:\Users\Zsolti\Documents\GitHub\landasource\wiidget-core\target\nexus-staging\staging\7edbe315063867\org\landasource\wiidget\0.1.0\wiidget-0.1.0.jar
[INFO] Installing C:\Users\Zsolti\Documents\GitHub\landasource\wiidget-core\pom.xml to C:\Users\Zsolti\Documents\GitHub\landasource\wiidget-core\target\nexus-staging\staging\7edbe315063867\org\landasource\wiidget\0.1.0\wiidget-0.1.0.pom
[INFO] Installing C:\Users\Zsolti\Documents\GitHub\landasource\wiidget-core\target\wiidget-0.1.0-sources.jar to C:\Users\Zsolti\Documents\GitHub\landasource\wiidget-core\target\nexus-staging\staging\7edbe315063867\org\landasource\wiidget\0.1.0\wiidget-0.1.0-sources.jar
[INFO] Installing C:\Users\Zsolti\Documents\GitHub\landasource\wiidget-core\target\wiidget-0.1.0-javadoc.jar to C:\Users\Zsolti\Documents\GitHub\landasource\wiidget-core\target\nexus-staging\staging\7edbe315063867\org\landasource\wiidget\0.1.0\wiidget-0.1.0-javadoc.jar
[INFO] Installing C:\Users\Zsolti\Documents\GitHub\landasource\wiidget-core\target\wiidget-0.1.0.jar.asc to C:\Users\Zsolti\Documents\GitHub\landasource\wiidget-core\target\nexus-staging\staging\7edbe315063867\org\landasource\wiidget\0.1.0\wiidget-0.1.0.jar.asc
[INFO] Installing C:\Users\Zsolti\Documents\GitHub\landasource\wiidget-core\target\wiidget-0.1.0.pom.asc to C:\Users\Zsolti\Documents\GitHub\landasource\wiidget-core\target\nexus-staging\staging\7edbe315063867\org\landasource\wiidget\0.1.0\wiidget-0.1.0.pom.asc
[INFO] Installing C:\Users\Zsolti\Documents\GitHub\landasource\wiidget-core\target\wiidget-0.1.0-sources.jar.asc to C:\Users\Zsolti\Documents\GitHub\landasource\wiidget-core\target\nexus-staging\staging\7edbe315063867\org\landasource\wiidget\0.1.0\wiidget-0.1.0-sources.jar.asc
[INFO] Installing C:\Users\Zsolti\Documents\GitHub\landasource\wiidget-core\target\wiidget-0.1.0-javadoc.jar.asc to C:\Users\Zsolti\Documents\GitHub\landasource\wiidget-core\target\nexus-staging\staging\7edbe315063867\org\landasource\wiidget\0.1.0\wiidget-0.1.0-javadoc.jar.asc
[INFO] Performing remote staging...
[INFO] 
[INFO]  * Remote staging into staging profile ID "7edbe315063867"
[INFO]  * Created staging repository with ID "central_bundles-2624".
[INFO]  * Uploading locally staged artifacts to profile Central Bundles
[INFO] Uploading: https://oss.sonatype.org:443/service/local/staging/deployByRepositoryId/central_bundles-2624/org/landasource/wiidget/0.1.0/wiidget-0.1.0-sources.jar.asc
[INFO] Uploaded: https://oss.sonatype.org:443/service/local/staging/deployByRepositoryId/central_bundles-2624/org/landasource/wiidget/0.1.0/wiidget-0.1.0-sources.jar.asc (499 B at 0.2 KB/sec)
[INFO] Downloading: https://oss.sonatype.org:443/service/local/staging/deployByRepositoryId/central_bundles-2624/org/landasource/wiidget/maven-metadata.xml
[INFO] Uploading: https://oss.sonatype.org:443/service/local/staging/deployByRepositoryId/central_bundles-2624/org/landasource/wiidget/maven-metadata.xml
[INFO] Uploaded: https://oss.sonatype.org:443/service/local/staging/deployByRepositoryId/central_bundles-2624/org/landasource/wiidget/maven-metadata.xml (302 B at 0.1 KB/sec)
[INFO] Uploading: https://oss.sonatype.org:443/service/local/staging/deployByRepositoryId/central_bundles-2624/org/landasource/wiidget/0.1.0/wiidget-0.1.0-sources.jar
[INFO] Uploaded: https://oss.sonatype.org:443/service/local/staging/deployByRepositoryId/central_bundles-2624/org/landasource/wiidget/0.1.0/wiidget-0.1.0-sources.jar (82 KB at 22.5 KB/sec)
[INFO] Uploading: https://oss.sonatype.org:443/service/local/staging/deployByRepositoryId/central_bundles-2624/org/landasource/wiidget/0.1.0/wiidget-0.1.0.pom.asc
[INFO] Uploaded: https://oss.sonatype.org:443/service/local/staging/deployByRepositoryId/central_bundles-2624/org/landasource/wiidget/0.1.0/wiidget-0.1.0.pom.asc (499 B at 0.2 KB/sec)
[INFO] Uploading: https://oss.sonatype.org:443/service/local/staging/deployByRepositoryId/central_bundles-2624/org/landasource/wiidget/0.1.0/wiidget-0.1.0.jar
[INFO] Uploaded: https://oss.sonatype.org:443/service/local/staging/deployByRepositoryId/central_bundles-2624/org/landasource/wiidget/0.1.0/wiidget-0.1.0.jar (150 KB at 36.1 KB/sec)
[INFO] Uploading: https://oss.sonatype.org:443/service/local/staging/deployByRepositoryId/central_bundles-2624/org/landasource/wiidget/0.1.0/wiidget-0.1.0.pom
[INFO] Uploaded: https://oss.sonatype.org:443/service/local/staging/deployByRepositoryId/central_bundles-2624/org/landasource/wiidget/0.1.0/wiidget-0.1.0.pom (5 KB at 1.6 KB/sec)
[INFO] Uploading: https://oss.sonatype.org:443/service/local/staging/deployByRepositoryId/central_bundles-2624/org/landasource/wiidget/0.1.0/wiidget-0.1.0-javadoc.jar
[INFO] Uploaded: https://oss.sonatype.org:443/service/local/staging/deployByRepositoryId/central_bundles-2624/org/landasource/wiidget/0.1.0/wiidget-0.1.0-javadoc.jar (704 KB at 82.9 KB/sec)
[INFO] Uploading: https://oss.sonatype.org:443/service/local/staging/deployByRepositoryId/central_bundles-2624/org/landasource/wiidget/0.1.0/wiidget-0.1.0-javadoc.jar.asc
[INFO] Uploaded: https://oss.sonatype.org:443/service/local/staging/deployByRepositoryId/central_bundles-2624/org/landasource/wiidget/0.1.0/wiidget-0.1.0-javadoc.jar.asc (499 B at 0.2 KB/sec)
[INFO] Uploading: https://oss.sonatype.org:443/service/local/staging/deployByRepositoryId/central_bundles-2624/org/landasource/wiidget/0.1.0/wiidget-0.1.0.jar.asc
[INFO] Uploaded: https://oss.sonatype.org:443/service/local/staging/deployByRepositoryId/central_bundles-2624/org/landasource/wiidget/0.1.0/wiidget-0.1.0.jar.asc (499 B at 0.2 KB/sec)
[INFO]  * Upload of locally staged artifacts finished.
[INFO]  * Closing staging repository with ID "central_bundles-2624".

Waiting for operation to complete.......

[INFO] Remote staged 1 repositories, finished with success.
[INFO] Remote staging repositories are being released...
[INFO] ------------------------------------------------------------------------
[INFO] BUILD FAILURE
[INFO] ------------------------------------------------------------------------
[INFO] Total time: 1:03.744s
[INFO] Finished at: Fri Aug 22 19:54:55 CEST 2014
[INFO] Final Memory: 40M/370M
[INFO] ------------------------------------------------------------------------
[ERROR] Failed to execute goal org.sonatype.plugins:nexus-staging-maven-plugin:1.6.2:deploy (injected-nexus-deploy) on project wiidget: Execution injected-nexus-deploy of goal org.sonatype.plugins:nexus-staging-maven-plugin:1.6.2:deploy failed: 403 - Forbidden -> [Help 1]
[ERROR] 
[ERROR] To see the full stack trace of the errors, re-run Maven with the -e switch.
[ERROR] Re-run Maven using the -X switch to enable full debug logging.
[ERROR] 
[ERROR] For more information about the errors and possible solutions, please read the following articles:
[ERROR] [Help 1] http://cwiki.apache.org/confluence/display/MAVEN/PluginExecutionException
